<?xml version="1.0" encoding="UTF-8"?>
<beans default-lazy-init="true" xmlns="http://www.springframework.org/schema/beans"
	xmlns:xsi="http://www.w3.org/2001/XMLSchema-instance"
	xmlns:context="http://www.springframework.org/schema/context"
	xmlns:util="http://www.springframework.org/schema/util"
	xmlns:tx="http://www.springframework.org/schema/tx"
	xsi:schemaLocation="http://www.springframework.org/schema/beans 
						http://www.springframework.org/schema/beans/spring-beans-3.2.xsd
						http://www.springframework.org/schema/context
						http://www.springframework.org/schema/context/spring-context-3.2.xsd
						http://www.springframework.org/schema/util
						http://www.springframework.org/schema/util/spring-util-3.2.xsd
						http://www.springframework.org/schema/tx
                        http://www.springframework.org/schema/tx/spring-tx-3.2.xsd">
	
	<!-- Root Context: defines shared resources visible to all other web components -->
	<context:component-scan base-package="de.uni_koeln.arachne"/>
	<context:spring-configured />
	
	<tx:annotation-driven />
	
	<util:properties id="config" location="classpath:config/application.properties"/>
	
	<import resource="classpath:hibernate.xml"/>
	
	<bean class="org.springframework.mock.web.MockServletContext"/>
</beans>
